This is pdfTeX, Version 3.14159265-2.6-1.40.16 (MiKTeX 2.9) (preloaded format=pdflatex 2016.2.20)  18 MAR 2016 11:09
entering extended mode
**./MMHW9.tex
(MMHW9.tex
LaTeX2e <2015/10/01> patch level 2
Babel <3.9n> and hyphenation patterns for 69 languages loaded.
("C:\Users\dbeat\AppData\Local\Programs\MiKTeX 2.9\tex\latex\base\article.cls"
Document Class: article 2014/09/29 v1.4h Standard LaTeX document class
("C:\Users\dbeat\AppData\Local\Programs\MiKTeX 2.9\tex\latex\base\size10.clo"
File: size10.clo 2014/09/29 v1.4h Standard LaTeX file (size option)
)
\c@part=\count79
\c@section=\count80
\c@subsection=\count81
\c@subsubsection=\count82
\c@paragraph=\count83
\c@subparagraph=\count84
\c@figure=\count85
\c@table=\count86
\abovecaptionskip=\skip41
\belowcaptionskip=\skip42
\bibindent=\dimen102
) ("C:\Users\dbeat\AppData\Local\Programs\MiKTeX 2.9\tex\latex\base\inputenc.st
y"
Package: inputenc 2015/03/17 v1.2c Input encoding file
\inpenc@prehook=\toks14
\inpenc@posthook=\toks15
 ("C:\Users\dbeat\AppData\Local\Programs\MiKTeX 2.9\tex\latex\base\latin1.def"
File: latin1.def 2015/03/17 v1.2c Input encoding file
))
("C:\Users\dbeat\AppData\Local\Programs\MiKTeX 2.9\tex\latex\amsmath\amsmath.st
y"
Package: amsmath 2013/01/14 v2.14 AMS math features
\@mathmargin=\skip43

For additional information on amsmath, use the `?' option.

("C:\Users\dbeat\AppData\Local\Programs\MiKTeX 2.9\tex\latex\amsmath\amstext.st
y"
Package: amstext 2000/06/29 v2.01

("C:\Users\dbeat\AppData\Local\Programs\MiKTeX 2.9\tex\latex\amsmath\amsgen.sty
"
File: amsgen.sty 1999/11/30 v2.0
\@emptytoks=\toks16
\ex@=\dimen103
))
("C:\Users\dbeat\AppData\Local\Programs\MiKTeX 2.9\tex\latex\amsmath\amsbsy.sty
"
Package: amsbsy 1999/11/29 v1.2d
\pmbraise@=\dimen104
)
("C:\Users\dbeat\AppData\Local\Programs\MiKTeX 2.9\tex\latex\amsmath\amsopn.sty
"
Package: amsopn 1999/12/14 v2.01 operator names
)
\inf@bad=\count87
LaTeX Info: Redefining \frac on input line 210.
\uproot@=\count88
\leftroot@=\count89
LaTeX Info: Redefining \overline on input line 306.
\classnum@=\count90
\DOTSCASE@=\count91
LaTeX Info: Redefining \ldots on input line 378.
LaTeX Info: Redefining \dots on input line 381.
LaTeX Info: Redefining \cdots on input line 466.
\Mathstrutbox@=\box26
\strutbox@=\box27
\big@size=\dimen105
LaTeX Font Info:    Redeclaring font encoding OML on input line 566.
LaTeX Font Info:    Redeclaring font encoding OMS on input line 567.
\macc@depth=\count92
\c@MaxMatrixCols=\count93
\dotsspace@=\muskip10
\c@parentequation=\count94
\dspbrk@lvl=\count95
\tag@help=\toks17
\row@=\count96
\column@=\count97
\maxfields@=\count98
\andhelp@=\toks18
\eqnshift@=\dimen106
\alignsep@=\dimen107
\tagshift@=\dimen108
\tagwidth@=\dimen109
\totwidth@=\dimen110
\lineht@=\dimen111
\@envbody=\toks19
\multlinegap=\skip44
\multlinetaggap=\skip45
\mathdisplay@stack=\toks20
LaTeX Info: Redefining \[ on input line 2665.
LaTeX Info: Redefining \] on input line 2666.
)
("C:\Users\dbeat\AppData\Local\Programs\MiKTeX 2.9\tex\latex\amsfonts\amsfonts.
sty"
Package: amsfonts 2013/01/14 v3.01 Basic AMSFonts support
\symAMSa=\mathgroup4
\symAMSb=\mathgroup5
LaTeX Font Info:    Overwriting math alphabet `\mathfrak' in version `bold'
(Font)                  U/euf/m/n --> U/euf/b/n on input line 106.
)
("C:\Users\dbeat\AppData\Local\Programs\MiKTeX 2.9\tex\latex\amscls\amsthm.sty"
Package: amsthm 2015/03/04 v2.20.2
\thm@style=\toks21
\thm@bodyfont=\toks22
\thm@headfont=\toks23
\thm@notefont=\toks24
\thm@headpunct=\toks25
\thm@preskip=\skip46
\thm@postskip=\skip47
\thm@headsep=\skip48
\dth@everypar=\toks26
)
("C:\Users\dbeat\AppData\Local\Programs\MiKTeX 2.9\tex\latex\amsfonts\amssymb.s
ty"
Package: amssymb 2013/01/14 v3.01 AMS font symbols
)
("C:\Users\dbeat\AppData\Local\Programs\MiKTeX 2.9\tex\latex\graphics\graphicx.
sty"
Package: graphicx 2014/10/28 v1.0g Enhanced LaTeX Graphics (DPC,SPQR)

("C:\Users\dbeat\AppData\Local\Programs\MiKTeX 2.9\tex\latex\graphics\keyval.st
y"
Package: keyval 2014/10/28 v1.15 key=value parser (DPC)
\KV@toks@=\toks27
)
("C:\Users\dbeat\AppData\Local\Programs\MiKTeX 2.9\tex\latex\graphics\graphics.
sty"
Package: graphics 2014/10/28 v1.0p Standard LaTeX Graphics (DPC,SPQR)

("C:\Users\dbeat\AppData\Local\Programs\MiKTeX 2.9\tex\latex\graphics\trig.sty"
Package: trig 1999/03/16 v1.09 sin cos tan (DPC)
)
("C:\Users\dbeat\AppData\Local\Programs\MiKTeX 2.9\tex\latex\00miktex\graphics.
cfg"
File: graphics.cfg 2007/01/18 v1.5 graphics configuration of teTeX/TeXLive
)
Package graphics Info: Driver file: pdftex.def on input line 94.

("C:\Users\dbeat\AppData\Local\Programs\MiKTeX 2.9\tex\latex\pdftex-def\pdftex.
def"
File: pdftex.def 2011/05/27 v0.06d Graphics/color for pdfTeX

("C:\Users\dbeat\AppData\Local\Programs\MiKTeX 2.9\tex\generic\oberdiek\infware
rr.sty"
Package: infwarerr 2010/04/08 v1.3 Providing info/warning/error messages (HO)
)
("C:\Users\dbeat\AppData\Local\Programs\MiKTeX 2.9\tex\generic\oberdiek\ltxcmds
.sty"
Package: ltxcmds 2011/11/09 v1.22 LaTeX kernel commands for general use (HO)
)
\Gread@gobject=\count99
))
\Gin@req@height=\dimen112
\Gin@req@width=\dimen113
) (MMHW9.aux)
\openout1 = `MMHW9.aux'.

LaTeX Font Info:    Checking defaults for OML/cmm/m/it on input line 12.
LaTeX Font Info:    ... okay on input line 12.
LaTeX Font Info:    Checking defaults for T1/cmr/m/n on input line 12.
LaTeX Font Info:    ... okay on input line 12.
LaTeX Font Info:    Checking defaults for OT1/cmr/m/n on input line 12.
LaTeX Font Info:    ... okay on input line 12.
LaTeX Font Info:    Checking defaults for OMS/cmsy/m/n on input line 12.
LaTeX Font Info:    ... okay on input line 12.
LaTeX Font Info:    Checking defaults for OMX/cmex/m/n on input line 12.
LaTeX Font Info:    ... okay on input line 12.
LaTeX Font Info:    Checking defaults for U/cmr/m/n on input line 12.
LaTeX Font Info:    ... okay on input line 12.

("C:\Users\dbeat\AppData\Local\Programs\MiKTeX 2.9\tex\context\base\supp-pdf.mk
ii"
[Loading MPS to PDF converter (version 2006.09.02).]
\scratchcounter=\count100
\scratchdimen=\dimen114
\scratchbox=\box28
\nofMPsegments=\count101
\nofMParguments=\count102
\everyMPshowfont=\toks28
\MPscratchCnt=\count103
\MPscratchDim=\dimen115
\MPnumerator=\count104
\makeMPintoPDFobject=\count105
\everyMPtoPDFconversion=\toks29
)
LaTeX Font Info:    Try loading font information for U+msa on input line 13.
 ("C:\Users\dbeat\AppData\Local\Programs\MiKTeX 2.9\tex\latex\amsfonts\umsa.fd"
File: umsa.fd 2013/01/14 v3.01 AMS symbols A
)
LaTeX Font Info:    Try loading font information for U+msb on input line 13.
 ("C:\Users\dbeat\AppData\Local\Programs\MiKTeX 2.9\tex\latex\amsfonts\umsb.fd"
File: umsb.fd 2013/01/14 v3.01 AMS symbols B
) [1

{C:/Users/dbeat/AppData/Local/MiKTeX/2.9/pdftex/config/pdftex.map}]
[2] [3] [4] [5] [6] [7] [8] [9]
Overfull \hbox (49.56163pt too wide) in paragraph at lines 525--525
[] 
 []

[10] [11]
Overfull \hbox (26.795pt too wide) in paragraph at lines 673--674
[]\OT1/cmr/m/n/10 From this it's easy to see that $\OML/cmm/m/it/10 x \OT1/cmr/
m/n/10 = []$. And so \OT1/cmr/bx/n/10 the min-i-mum is  $[]$ 
 []

[12] [13] (MMHW9.aux) ) 
Here is how much of TeX's memory you used:
 2136 strings out of 493634
 27242 string characters out of 3135239
 100649 words of memory out of 3000000
 5515 multiletter control sequences out of 15000+200000
 12208 words of font info for 47 fonts, out of 3000000 for 9000
 1025 hyphenation exceptions out of 8191
 27i,16n,24p,425b,197s stack positions out of 5000i,500n,10000p,200000b,50000s
<C:/Users/dbeat/AppData/Local/Programs/MiKTeX 2.9/fonts/
type1/public/amsfonts/cm/cmbx10.pfb><C:/Users/dbeat/AppData/Local/Programs/MiKT
eX 2.9/fonts/type1/public/amsfonts/cm/cmbx12.pfb><C:/Users/dbeat/AppData/Local/
Programs/MiKTeX 2.9/fonts/type1/public/amsfonts/cm/cmbxti10.pfb><C:/Users/dbeat
/AppData/Local/Programs/MiKTeX 2.9/fonts/type1/public/amsfonts/cm/cmex10.pfb><C
:/Users/dbeat/AppData/Local/Programs/MiKTeX 2.9/fonts/type1/public/amsfonts/cm/
cmmi10.pfb><C:/Users/dbeat/AppData/Local/Programs/MiKTeX 2.9/fonts/type1/public
/amsfonts/cm/cmmi7.pfb><C:/Users/dbeat/AppData/Local/Programs/MiKTeX 2.9/fonts/
type1/public/amsfonts/cm/cmr10.pfb><C:/Users/dbeat/AppData/Local/Programs/MiKTe
X 2.9/fonts/type1/public/amsfonts/cm/cmr12.pfb><C:/Users/dbeat/AppData/Local/Pr
ograms/MiKTeX 2.9/fonts/type1/public/amsfonts/cm/cmr17.pfb><C:/Users/dbeat/AppD
ata/Local/Programs/MiKTeX 2.9/fonts/type1/public/amsfonts/cm/cmr5.pfb><C:/Users
/dbeat/AppData/Local/Programs/MiKTeX 2.9/fonts/type1/public/amsfonts/cm/cmr7.pf
b><C:/Users/dbeat/AppData/Local/Programs/MiKTeX 2.9/fonts/type1/public/amsfonts
/cm/cmsy10.pfb><C:/Users/dbeat/AppData/Local/Programs/MiKTeX 2.9/fonts/type1/pu
blic/amsfonts/cm/cmsy7.pfb><C:/Users/dbeat/AppData/Local/Programs/MiKTeX 2.9/fo
nts/type1/public/amsfonts/cm/cmti10.pfb><C:/Users/dbeat/AppData/Local/Programs/
MiKTeX 2.9/fonts/type1/public/amsfonts/symbols/msbm10.pfb>
Output written on MMHW9.pdf (13 pages, 203025 bytes).
PDF statistics:
 105 PDF objects out of 1000 (max. 8388607)
 0 named destinations out of 1000 (max. 500000)
 1 words of extra memory for PDF output out of 10000 (max. 10000000)

